2022-03-17 16:58:40,637 INFO notifyConnectTimeout:200

2022-03-17 16:58:40,726 INFO notifySocketTimeout:8000

2022-03-17 16:58:40,726 INFO isHealthCheck:true

2022-03-17 16:58:40,727 INFO maxHealthCheckFailCount:12

2022-03-17 16:58:40,727 INFO maxContent:10485760

2022-03-17 16:59:21,782 INFO use local db service for init

2022-03-17 16:59:25,904 WARN Lexical error at line 4, column 66.  Encountered: <EOF> after : "".

2022-03-17 16:59:26,028 WARN Syntax error: Encountered "*" at line 1, column 1.

2022-03-17 16:59:26,174 WARN Table/View 'CONFIG_INFO' already exists in Schema 'NACOS'.

2022-03-17 16:59:26,457 WARN Table/View 'HIS_CONFIG_INFO' already exists in Schema 'NACOS'.

2022-03-17 16:59:26,539 WARN Table/View 'CONFIG_INFO_BETA' already exists in Schema 'NACOS'.

2022-03-17 16:59:26,622 WARN Table/View 'CONFIG_INFO_TAG' already exists in Schema 'NACOS'.

2022-03-17 16:59:26,699 WARN Table/View 'CONFIG_INFO_AGGR' already exists in Schema 'NACOS'.

2022-03-17 16:59:26,845 WARN Table/View 'APP_LIST' already exists in Schema 'NACOS'.

2022-03-17 16:59:26,978 WARN Table/View 'APP_CONFIGDATA_RELATION_SUBS' already exists in Schema 'NACOS'.

2022-03-17 16:59:27,149 WARN Table/View 'APP_CONFIGDATA_RELATION_PUBS' already exists in Schema 'NACOS'.

2022-03-17 16:59:27,237 WARN Table/View 'CONFIG_TAGS_RELATION' already exists in Schema 'NACOS'.

2022-03-17 16:59:27,341 WARN Table/View 'GROUP_CAPACITY' already exists in Schema 'NACOS'.

2022-03-17 16:59:27,414 WARN Table/View 'TENANT_CAPACITY' already exists in Schema 'NACOS'.

2022-03-17 16:59:27,480 WARN Table/View 'TENANT_INFO' already exists in Schema 'NACOS'.

2022-03-17 16:59:27,571 WARN Table/View 'USERS' already exists in Schema 'NACOS'.

2022-03-17 16:59:27,633 WARN Table/View 'ROLES' already exists in Schema 'NACOS'.

2022-03-17 16:59:27,699 WARN Table/View 'PERMISSIONS' already exists in Schema 'NACOS'.

2022-03-17 16:59:27,921 WARN The statement was aborted because it would have caused a duplicate key value in a unique or primary key constraint or unique index identified by 'SQL220315163958740' defined on 'USERS'.

2022-03-17 16:59:27,931 WARN The statement was aborted because it would have caused a duplicate key value in a unique or primary key constraint or unique index identified by 'UK_USERNAME_ROLE' defined on 'ROLES'.

2022-03-17 16:59:27,932 WARN Lexical error at line 4, column 13.  Encountered: "`" (96), after : "".

2022-03-17 16:59:27,933 WARN Lexical error at line 1, column 13.  Encountered: "`" (96), after : "".

2022-03-17 16:59:27,934 WARN Lexical error at line 1, column 13.  Encountered: "`" (96), after : "".

2022-03-17 16:59:27,935 WARN Lexical error at line 1, column 13.  Encountered: "`" (96), after : "".

2022-03-17 16:59:27,935 INFO use StandaloneDatabaseOperateImpl

2022-03-17 16:59:31,449 WARN DumpService start

2022-03-17 16:59:31,463 INFO start clear all config-info.

2022-03-17 16:59:31,464 WARN clear all config-info failed.

2022-03-17 16:59:31,465 WARN clear all config-info-tenant failed.

2022-03-17 16:59:32,038 INFO [all-dump] 478448577605185536 / 478448577605185536

2022-03-17 16:59:32,038 INFO start clear all config-info-beta.

2022-03-17 16:59:32,038 WARN clear all config-info-beta failed.

2022-03-17 16:59:32,038 WARN clear all config-info-beta-tenant failed.

2022-03-17 16:59:32,099 INFO start clear all config-info-tag.

2022-03-17 16:59:32,099 WARN clear all config-info-tag failed.

2022-03-17 16:59:32,100 WARN clear all config-info-tag-tenant failed.

