2022-03-17 16:59:29,801 INFO raft peers changed: [Member{ip='10.130.15.43', port=8848, state=UP, extendInfo={raftPort=7848, version=2.0.0}}]

2022-03-17 16:59:29,872 INFO initializing Raft sub-system

2022-03-17 16:59:29,872 INFO finish loading all datums, size: 0 cost 0 ms.

2022-03-17 16:59:29,889 INFO cache loaded, datum count: 0, current term: 0

2022-03-17 16:59:29,889 INFO finish to load data from disk, cost: 17 ms.

2022-03-17 16:59:29,895 INFO timer started: leader timeout ms: 15000, heart-beat timeout ms: 5000

2022-03-17 16:59:30,195 INFO add listener: com.alibaba.nacos.naming.domains.meta.

2022-03-17 16:59:31,379 INFO add listener: com.alibaba.nacos.naming.domains.meta.00-00---000-NACOS_SWITCH_DOMAIN-000---00-00

2022-03-17 16:59:34,862 WARN start to close old raft protocol!!!

2022-03-17 16:59:34,862 WARN stop old raft protocol task for notifier

2022-03-17 16:59:34,862 WARN stop old raft protocol task for master task

2022-03-17 16:59:34,862 WARN stop old raft protocol task for heartbeat task

2022-03-17 16:59:34,862 WARN clean old cache datum for old raft

2022-03-17 16:59:34,862 WARN start to close old raft protocol!!!

2022-03-17 16:59:34,862 WARN stop old raft protocol task for notifier

2022-03-17 16:59:34,862 WARN stop old raft protocol task for master task

2022-03-17 16:59:34,862 WARN stop old raft protocol task for heartbeat task

2022-03-17 16:59:34,862 WARN clean old cache datum for old raft

2022-03-17 16:59:34,862 WARN start to move old raft protocol metadata

2022-03-17 16:59:34,865 WARN start to move old raft protocol metadata

